<?xml version="1.0" encoding="UTF-8"?>
<!-- Generated by org.testng.reporters.JUnitXMLReporter -->
<testsuite ignored="0" hostname="LT0091756" failures="1" tests="5" name="Test" time="111.429" errors="0" timestamp="21 Apr 2019 15:58:28 GMT">
  <testcase classname="AutomationScripts.ContectScripts.ContectPageTest" name="contectTest" time="1.526">
    <failure type="java.lang.AssertionError" message="expected [true] but found [false]">
      <![CDATA[java.lang.AssertionError: expected [true] but found [false]
at logging.Verify.verifyTrue(Verify.java:18)
at AutomationScripts.ContectScripts.ContectPageTest.contectTest(ContectPageTest.java:35)
... Removed 29 stack frames]]>
    </failure>
  </testcase> <!-- contectTest -->
  <testcase classname="AutomationScripts.ContectScripts.ContectDetailsTest" name="contectFillDetails" time="5.818"/>
  <testcase classname="AutomationScripts.ContectScripts.ContectDetailsTest" name="contectFillDetails" time="5.907"/>
  <testcase classname="AutomationScripts.ContectScripts.CommonDataProviderTest" name="commonDataProviderTest" time="10.823"/>
  <testcase classname="AutomationScripts.ContectScripts.CommonDataProviderTest" name="commonDataProviderTest" time="5.945"/>
</testsuite> <!-- Test -->
